2013-10-16 19:57:29,705 INFO  service.LoginHello from Servlet
2013-10-16 19:58:10,043 INFO  service.LoginHello from Servlet
2013-10-16 19:58:39,173 INFO  service.LoginHello from Servlet
2013-10-16 20:00:41,016 INFO  service.Login Hello from Servlet
2013-10-16 20:00:42,413 INFO  service.Login Hello from Servlet
2013-10-16 20:00:54,376 INFO  service.Login Hello from Servlet
2013-10-16 20:02:55,251 INFO  service.Login Hello from Servlet
2013-10-16 20:04:46,147 INFO  service.Login Hello from Servlet
2013-10-16 20:07:21,374 INFO  service.Login Hello from Servlet
2013-10-16 20:07:21,374 ERROR service.Login Hello from Servlet---------
2013-10-16 20:07:23,008 INFO  service.Login Hello from Servlet
2013-10-16 20:07:23,008 ERROR service.Login Hello from Servlet---------
2013-10-16 20:07:27,089 INFO  service.Login Hello from Servlet
2013-10-16 20:07:27,089 ERROR service.Login Hello from Servlet---------
2013-10-17 13:27:17,745 INFO  service.Login Hello from Servlet===333
2013-10-17 13:45:45,840 INFO  service.Login Hello from Servlet===333
2013-10-17 15:01:06,486 INFO  entity.AccessAuth ALERT! Ложная КУКА! Код куки не совпадает ни с одним из находящихся в Базе! IP пытавшегося : 0:0:0:0:0:0:0:1
2013-10-17 15:03:03,344 INFO  entity.AccessAuth ALERT! Ложная КУКА! Код куки не совпадает ни с одним из находящихся в Базе! IP пытавшегося : 0:0:0:0:0:0:0:1
2013-10-17 15:15:26,509 INFO  entity.AccessAuth ALERT! Ложная КУКА! Код куки не совпадает ни с одним из находящихся в Базе! IP пытавшегося : 0:0:0:0:0:0:0:1
2013-10-17 15:18:16,377 INFO  entity.AccessAuth ALERT! Ложная КУКА! Код куки не совпадает ни с одним из находящихся в Базе! IP пытавшегося : 0:0:0:0:0:0:0:1
2013-10-17 15:31:07,076 INFO  entity.AccessAuth ALERT! ПОПЫТКА ВЗЛОМА! Ложная КУКА! Код куки не совпадает ни с одним из находящихся в Базе! IP злоумішленника : 0:0:0:0:0:0:0:1
2013-10-17 15:31:09,852 INFO  entity.AccessAuth ALERT! ПОПЫТКА ВЗЛОМА! Ложная КУКА! Код куки не совпадает ни с одним из находящихся в Базе! IP злоумішленника : 0:0:0:0:0:0:0:1
2013-10-17 15:31:23,603 INFO  entity.AccessAuth ALERT! ПОПЫТКА ВЗЛОМА! Ложная КУКА! Код куки не совпадает ни с одним из находящихся в Базе! IP злоумішленника : 0:0:0:0:0:0:0:1
2013-10-17 15:36:23,740 INFO  entity.AccessAuth ALERT! ПОПЫТКА ВЗЛОМА! Ложная КУКА! Код куки не совпадает ни с одним из находящихся в Базе! IP злоумішленника : 0:0:0:0:0:0:0:1
2013-10-18 14:22:07,563 INFO  entity.AccessAuth ALERT! ПОПЫТКА ВЗЛОМА! Ложная КУКА! Код куки не совпадает ни с одним из находящихся в Базе! IP злоумішленника : 0:0:0:0:0:0:0:1
2013-10-18 14:22:35,041 INFO  entity.AccessAuth ALERT! ПОПЫТКА ВЗЛОМА! Ложная КУКА! Код куки не совпадает ни с одним из находящихся в Базе! IP злоумішленника : 0:0:0:0:0:0:0:1
2013-10-18 14:23:18,610 INFO  entity.AccessAuth ALERT! ПОПЫТКА ВЗЛОМА! Ложная КУКА! Код куки не совпадает ни с одним из находящихся в Базе! IP злоумішленника : 0:0:0:0:0:0:0:1
